<?xml version="1.0" encoding="utf-8"?><testsuites name="pytest tests"><testsuite name="pytest" errors="0" failures="0" skipped="0" tests="30" time="8.660" timestamp="2026-08-17T06:38:07.888082+00:00" hostname="agent-env-ac082146-1bd6-4078-80b2-4e732f006918"><testcase classname="tests.backend_test.TestAuth" name="test_login_success" time="0.774" /><testcase classname="tests.backend_test.TestReports" name="test_summary" time="0.750" /><testcase classname="tests.backend_test.TestReports" name="test_sales_over_time" time="0.378" /><testcase classname="tests.backend_test.TestAuth" name="test_login_wrong_password" time="0.346" /><testcase classname="tests.backend_test.TestAuth" name="test_me_requires_auth" time="0.103" /><testcase classname="tests.backend_test.TestReports" name="test_top_products" time="0.242" /><testcase classname="tests.backend_test.TestReports" name="test_by_category" time="0.229" /><testcase classname="tests.backend_test.TestAuth" name="test_me_with_token" time="0.477" /><testcase classname="tests.backend_test.TestReports" name="test_payment_methods" time="0.112" /><testcase classname="tests.backend_test.TestProducts" name="test_list" time="0.160" /><testcase classname="tests.backend_test.TestReports" name="test_low_stock" time="0.100" /><testcase classname="tests.backend_test.TestSales" name="test_checkout_reduces_stock_and_computes" time="0.469" /><testcase classname="tests.backend_test.TestProducts" name="test_crud" time="0.449" /><testcase classname="tests.backend_test.TestSales" name="test_empty_cart_rejected" time="0.124" /><testcase classname="tests.backend_test.TestProducts" name="test_create_requires_admin" time="0.172" /><testcase classname="tests.backend_test.TestSales" name="test_list_sales" time="0.124" /><testcase classname="tests.backend_test.TestSettings" name="test_get_settings_default_or_saved" time="0.103" /><testcase classname="tests.backend_test.TestCategories" name="test_list" time="0.121" /><testcase classname="tests.backend_test.TestSettings" name="test_put_settings_admin_and_persisted" time="0.238" /><testcase classname="tests.backend_test.TestCategories" name="test_create_update_delete" time="0.521" /><testcase classname="tests.backend_test.TestSettings" name="test_put_settings_forbidden_for_cashier" time="1.388" /><testcase classname="tests.backend_test.TestUsers" name="test_create_cashier_and_login_and_role_restriction" time="1.294" /><testcase classname="tests.backend_test.TestStockGuard" name="test_oversell_returns_400" time="0.534" /><testcase classname="tests.backend_test.TestUsers" name="test_list_users" time="0.096" /><testcase classname="tests.backend_test.TestCustomers" name="test_crud_admin" time="0.475" /><testcase classname="tests.backend_test.TestStockGuard" name="test_product_with_barcode_persisted" time="0.381" /><testcase classname="tests.backend_test.TestCustomers" name="test_cashier_can_list_and_create_but_not_edit_delete" time="1.832" /><testcase classname="tests.backend_test.TestNotifications" name="test_shape_and_threshold_effect" time="1.064" /><testcase classname="tests.backend_test.TestShifts" name="test_full_shift_cycle" time="1.904" /><testcase classname="tests.backend_test.TestDiscountAndPoints" name="test_percent_discount_and_points" time="0.663" /></testsuite></testsuites>