<?xml version="1.0" encoding="utf-8"?><testsuites name="pytest tests"><testsuite name="pytest" errors="0" failures="0" skipped="0" tests="35" time="9.443" timestamp="2026-08-17T06:49:04.515362+00:00" hostname="agent-env-ac082146-1bd6-4078-80b2-4e732f006918"><testcase classname="tests.backend_test.TestAuth" name="test_login_success" time="0.495" /><testcase classname="tests.backend_test.TestAuth" name="test_login_wrong_password" time="0.511" /><testcase classname="tests.backend_test.TestReports" name="test_summary" time="1.015" /><testcase classname="tests.backend_test.TestAuth" name="test_me_requires_auth" time="0.095" /><testcase classname="tests.backend_test.TestReports" name="test_sales_over_time" time="0.212" /><testcase classname="tests.backend_test.TestReports" name="test_top_products" time="0.199" /><testcase classname="tests.backend_test.TestReports" name="test_by_category" time="0.099" /><testcase classname="tests.backend_test.TestAuth" name="test_me_with_token" time="0.458" /><testcase classname="tests.backend_test.TestReports" name="test_payment_methods" time="0.108" /><testcase classname="tests.backend_test.TestProducts" name="test_list" time="0.112" /><testcase classname="tests.backend_test.TestReports" name="test_low_stock" time="0.123" /><testcase classname="tests.backend_test.TestProducts" name="test_crud" time="0.428" /><testcase classname="tests.backend_test.TestSales" name="test_checkout_reduces_stock_and_computes" time="0.498" /><testcase classname="tests.backend_test.TestProducts" name="test_create_requires_admin" time="0.102" /><testcase classname="tests.backend_test.TestSettings" name="test_get_settings_default_or_saved" time="0.094" /><testcase classname="tests.backend_test.TestSales" name="test_empty_cart_rejected" time="0.107" /><testcase classname="tests.backend_test.TestSettings" name="test_put_settings_admin_and_persisted" time="0.253" /><testcase classname="tests.backend_test.TestSales" name="test_list_sales" time="0.121" /><testcase classname="tests.backend_test.TestRedeemPoints" name="test_redeem_reduces_total_and_updates_net_points" time="1.256" /><testcase classname="tests.backend_test.TestSettings" name="test_put_settings_forbidden_for_cashier" time="1.040" /><testcase classname="tests.backend_test.TestCategories" name="test_list" time="0.111" /><testcase classname="tests.backend_test.TestCategories" name="test_create_update_delete" time="0.367" /><testcase classname="tests.backend_test.TestRedeemPoints" name="test_over_redeem_returns_400" time="1.089" /><testcase classname="tests.backend_test.TestUsers" name="test_create_cashier_and_login_and_role_restriction" time="1.262" /><testcase classname="tests.backend_test.TestRedeemPoints" name="test_redeem_requires_customer_or_ignored" time="0.444" /><testcase classname="tests.backend_test.TestStockGuard" name="test_oversell_returns_400" time="0.473" /><testcase classname="tests.backend_test.TestUsers" name="test_list_users" time="0.124" /><testcase classname="tests.backend_test.TestCustomers" name="test_crud_admin" time="0.420" /><testcase classname="tests.backend_test.TestStockGuard" name="test_product_with_barcode_persisted" time="0.473" /><testcase classname="tests.backend_test.TestCustomers" name="test_cashier_can_list_and_create_but_not_edit_delete" time="1.461" /><testcase classname="tests.backend_test.TestSettingsV4" name="test_defaults_include_point_value_and_shift_print" time="0.092" /><testcase classname="tests.backend_test.TestSettingsV4" name="test_put_and_persist_new_fields" time="0.705" /><testcase classname="tests.backend_test.TestShifts" name="test_full_shift_cycle" time="1.760" /><testcase classname="tests.backend_test.TestNotifications" name="test_shape_and_threshold_effect" time="0.714" /><testcase classname="tests.backend_test.TestDiscountAndPoints" name="test_percent_discount_and_points" time="0.656" /></testsuite></testsuites>